# JRE version: OpenJDK Runtime Environment Temurin-17.0.8+7 (17.0.8+7) (build 17.0.8+7)
# Java VM: OpenJDK 64-Bit Server VM Temurin-17.0.8+7 (17.0.8+7, mixed mode, tiered, compressed oops, compressed class ptrs, parallel gc, windows-amd64)
GC Precious Log:
 CPUs: 12 total, 12 available
 Memory: 7514M
 Large Page Support: Disabled
 NUMA Support: Disabled
 Compressed Oops: Enabled (32-bit)
 Alignments: Space 512K, Generation 512K, Heap 2M
 Heap Min Capacity: 100M
 Heap Initial Capacity: 100M
 Heap Max Capacity: 1G
 Pre-touch: Disabled
 Parallel Workers: 10
Heap:
 PSYoungGen      total 22016K, used 3366K [0x00000000eab00000, 0x00000000ec280000, 0x0000000100000000)
  eden space 19968K, 9% used [0x00000000eab00000,0x00000000eaccb1e0,0x00000000ebe80000)
  from space 2048K, 74% used [0x00000000ec080000,0x00000000ec1fe7e0,0x00000000ec280000)
  to   space 2048K, 0% used [0x00000000ebe80000,0x00000000ebe80000,0x00000000ec080000)
 ParOldGen       total 68608K, used 33965K [0x00000000c0000000, 0x00000000c4300000, 0x00000000eab00000)
  object space 68608K, 49% used [0x00000000c0000000,0x00000000c212b558,0x00000000c4300000)
 Metaspace       used 61280K, committed 62400K, reserved 1114112K
  class space    used 6599K, committed 7104K, reserved 1048576K
GC Heap History (20 events):
Event: 9.926 GC heap before
{Heap before GC invocations=26 (full 2):
 PSYoungGen      total 20992K, used 20664K [0x00000000eab00000, 0x00000000ec200000, 0x0000000100000000)
  eden space 19968K, 100% used [0x00000000eab00000,0x00000000ebe80000,0x00000000ebe80000)
  from space 1024K, 67% used [0x00000000ec000000,0x00000000ec0ae098,0x00000000ec100000)
  to   space 1024K, 0% used [0x00000000ec100000,0x00000000ec100000,0x00000000ec200000)
 ParOldGen       total 68608K, used 32389K [0x00000000c0000000, 0x00000000c4300000, 0x00000000eab00000)
  object space 68608K, 47% used [0x00000000c0000000,0x00000000c1fa16f0,0x00000000c4300000)
 Metaspace       used 54043K, committed 55104K, reserved 1114112K
  class space    used 5897K, committed 6336K, reserved 1048576K
}
Event: 9.929 GC heap after
{Heap after GC invocations=26 (full 2):
 PSYoungGen      total 20992K, used 1019K [0x00000000eab00000, 0x00000000ec380000, 0x0000000100000000)
  eden space 19968K, 0% used [0x00000000eab00000,0x00000000eab00000,0x00000000ebe80000)
  from space 1024K, 99% used [0x00000000ec100000,0x00000000ec1fefe8,0x00000000ec200000)
  to   space 2560K, 0% used [0x00000000ebe80000,0x00000000ebe80000,0x00000000ec100000)
 ParOldGen       total 68608K, used 33376K [0x00000000c0000000, 0x00000000c4300000, 0x00000000eab00000)
  object space 68608K, 48% used [0x00000000c0000000,0x00000000c2098280,0x00000000c4300000)
 Metaspace       used 54043K, committed 55104K, reserved 1114112K
  class space    used 5897K, committed 6336K, reserved 1048576K
}
Event: 10.022 GC heap before
{Heap before GC invocations=27 (full 2):
 PSYoungGen      total 20992K, used 20987K [0x00000000eab00000, 0x00000000ec380000, 0x0000000100000000)
  eden space 19968K, 100% used [0x00000000eab00000,0x00000000ebe80000,0x00000000ebe80000)
  from space 1024K, 99% used [0x00000000ec100000,0x00000000ec1fefe8,0x00000000ec200000)
  to   space 2560K, 0% used [0x00000000ebe80000,0x00000000ebe80000,0x00000000ec100000)
 ParOldGen       total 68608K, used 33376K [0x00000000c0000000, 0x00000000c4300000, 0x00000000eab00000)
  object space 68608K, 48% used [0x00000000c0000000,0x00000000c2098280,0x00000000c4300000)
 Metaspace       used 54084K, committed 55104K, reserved 1114112K
  class space    used 5898K, committed 6336K, reserved 1048576K
}
Event: 10.024 GC heap after
{Heap after GC invocations=27 (full 2):
 PSYoungGen      total 20992K, used 697K [0x00000000eab00000, 0x00000000ec180000, 0x0000000100000000)
  eden space 19968K, 0% used [0x00000000eab00000,0x00000000eab00000,0x00000000ebe80000)
  from space 1024K, 68% used [0x00000000ebe80000,0x00000000ebf2e730,0x00000000ebf80000)
  to   space 1536K, 0% used [0x00000000ec000000,0x00000000ec000000,0x00000000ec180000)
 ParOldGen       total 68608K, used 34319K [0x00000000c0000000, 0x00000000c4300000, 0x00000000eab00000)
  object space 68608K, 50% used [0x00000000c0000000,0x00000000c2183ec8,0x00000000c4300000)
 Metaspace       used 54084K, committed 55104K, reserved 1114112K
  class space    used 5898K, committed 6336K, reserved 1048576K
}
Event: 10.428 GC heap before
{Heap before GC invocations=28 (full 2):
 PSYoungGen      total 20992K, used 20665K [0x00000000eab00000, 0x00000000ec180000, 0x0000000100000000)
  eden space 19968K, 100% used [0x00000000eab00000,0x00000000ebe80000,0x00000000ebe80000)
  from space 1024K, 68% used [0x00000000ebe80000,0x00000000ebf2e730,0x00000000ebf80000)
  to   space 1536K, 0% used [0x00000000ec000000,0x00000000ec000000,0x00000000ec180000)
 ParOldGen       total 68608K, used 34319K [0x00000000c0000000, 0x00000000c4300000, 0x00000000eab00000)
  object space 68608K, 50% used [0x00000000c0000000,0x00000000c2183ec8,0x00000000c4300000)
 Metaspace       used 55945K, committed 57024K, reserved 1114112K
  class space    used 6052K, committed 6528K, reserved 1048576K
}
Event: 10.429 GC heap after
{Heap after GC invocations=28 (full 2):
 PSYoungGen      total 20480K, used 416K [0x00000000eab00000, 0x00000000ec080000, 0x0000000100000000)
  eden space 19968K, 0% used [0x00000000eab00000,0x00000000eab00000,0x00000000ebe80000)
  from space 512K, 81% used [0x00000000ec000000,0x00000000ec068000,0x00000000ec080000)
  to   space 1024K, 0% used [0x00000000ebe80000,0x00000000ebe80000,0x00000000ebf80000)
 ParOldGen       total 68608K, used 34547K [0x00000000c0000000, 0x00000000c4300000, 0x00000000eab00000)
  object space 68608K, 50% used [0x00000000c0000000,0x00000000c21bcd68,0x00000000c4300000)
 Metaspace       used 55945K, committed 57024K, reserved 1114112K
  class space    used 6052K, committed 6528K, reserved 1048576K
}
Event: 11.105 GC heap before
{Heap before GC invocations=29 (full 2):
 PSYoungGen      total 20480K, used 20384K [0x00000000eab00000, 0x00000000ec080000, 0x0000000100000000)
  eden space 19968K, 100% used [0x00000000eab00000,0x00000000ebe80000,0x00000000ebe80000)
  from space 512K, 81% used [0x00000000ec000000,0x00000000ec068000,0x00000000ec080000)
  to   space 1024K, 0% used [0x00000000ebe80000,0x00000000ebe80000,0x00000000ebf80000)
 ParOldGen       total 68608K, used 34547K [0x00000000c0000000, 0x00000000c4300000, 0x00000000eab00000)
  object space 68608K, 50% used [0x00000000c0000000,0x00000000c21bcd68,0x00000000c4300000)
 Metaspace       used 55945K, committed 57024K, reserved 1114112K
  class space    used 6052K, committed 6528K, reserved 1048576K
}
Event: 11.106 GC heap after
{Heap after GC invocations=29 (full 2):
 PSYoungGen      total 20992K, used 224K [0x00000000eab00000, 0x00000000ec080000, 0x0000000100000000)
  eden space 19968K, 0% used [0x00000000eab00000,0x00000000eab00000,0x00000000ebe80000)
  from space 1024K, 21% used [0x00000000ebe80000,0x00000000ebeb8000,0x00000000ebf80000)
  to   space 512K, 0% used [0x00000000ec000000,0x00000000ec000000,0x00000000ec080000)
 ParOldGen       total 68608K, used 34779K [0x00000000c0000000, 0x00000000c4300000, 0x00000000eab00000)
  object space 68608K, 50% used [0x00000000c0000000,0x00000000c21f6d78,0x00000000c4300000)
 Metaspace       used 55945K, committed 57024K, reserved 1114112K
  class space    used 6052K, committed 6528K, reserved 1048576K
}
Event: 11.592 GC heap before
{Heap before GC invocations=30 (full 2):
 PSYoungGen      total 20992K, used 20192K [0x00000000eab00000, 0x00000000ec080000, 0x0000000100000000)
  eden space 19968K, 100% used [0x00000000eab00000,0x00000000ebe80000,0x00000000ebe80000)
  from space 1024K, 21% used [0x00000000ebe80000,0x00000000ebeb8000,0x00000000ebf80000)
  to   space 512K, 0% used [0x00000000ec000000,0x00000000ec000000,0x00000000ec080000)
 ParOldGen       total 68608K, used 34779K [0x00000000c0000000, 0x00000000c4300000, 0x00000000eab00000)
  object space 68608K, 50% used [0x00000000c0000000,0x00000000c21f6d78,0x00000000c4300000)
 Metaspace       used 55976K, committed 57024K, reserved 1114112K
  class space    used 6061K, committed 6528K, reserved 1048576K
}
Event: 11.592 GC heap after
{Heap after GC invocations=30 (full 2):
 PSYoungGen      total 20480K, used 288K [0x00000000eab00000, 0x00000000ec080000, 0x0000000100000000)
  eden space 19968K, 0% used [0x00000000eab00000,0x00000000eab00000,0x00000000ebe80000)
  from space 512K, 56% used [0x00000000ec000000,0x00000000ec048000,0x00000000ec080000)
  to   space 512K, 0% used [0x00000000ebf80000,0x00000000ebf80000,0x00000000ec000000)
 ParOldGen       total 68608K, used 34835K [0x00000000c0000000, 0x00000000c4300000, 0x00000000eab00000)
  object space 68608K, 50% used [0x00000000c0000000,0x00000000c2204d78,0x00000000c4300000)
 Metaspace       used 55976K, committed 57024K, reserved 1114112K
  class space    used 6061K, committed 6528K, reserved 1048576K
}
Event: 11.838 GC heap before
{Heap before GC invocations=31 (full 2):
 PSYoungGen      total 20480K, used 20256K [0x00000000eab00000, 0x00000000ec080000, 0x0000000100000000)
  eden space 19968K, 100% used [0x00000000eab00000,0x00000000ebe80000,0x00000000ebe80000)
  from space 512K, 56% used [0x00000000ec000000,0x00000000ec048000,0x00000000ec080000)
  to   space 512K, 0% used [0x00000000ebf80000,0x00000000ebf80000,0x00000000ec000000)
 ParOldGen       total 68608K, used 34835K [0x00000000c0000000, 0x00000000c4300000, 0x00000000eab00000)
  object space 68608K, 50% used [0x00000000c0000000,0x00000000c2204d78,0x00000000c4300000)
 Metaspace       used 56118K, committed 57216K, reserved 1114112K
  class space    used 6082K, committed 6528K, reserved 1048576K
}
Event: 11.839 GC heap after
{Heap after GC invocations=31 (full 2):
 PSYoungGen      total 20480K, used 512K [0x00000000eab00000, 0x00000000ec080000, 0x0000000100000000)
  eden space 19968K, 0% used [0x00000000eab00000,0x00000000eab00000,0x00000000ebe80000)
  from space 512K, 100% used [0x00000000ebf80000,0x00000000ec000000,0x00000000ec000000)
  to   space 512K, 0% used [0x00000000ec000000,0x00000000ec000000,0x00000000ec080000)
 ParOldGen       total 68608K, used 34987K [0x00000000c0000000, 0x00000000c4300000, 0x00000000eab00000)
  object space 68608K, 50% used [0x00000000c0000000,0x00000000c222ad78,0x00000000c4300000)
 Metaspace       used 56118K, committed 57216K, reserved 1114112K
  class space    used 6082K, committed 6528K, reserved 1048576K
}
Event: 12.907 GC heap before
{Heap before GC invocations=32 (full 2):
 PSYoungGen      total 20480K, used 20480K [0x00000000eab00000, 0x00000000ec080000, 0x0000000100000000)
  eden space 19968K, 100% used [0x00000000eab00000,0x00000000ebe80000,0x00000000ebe80000)
  from space 512K, 100% used [0x00000000ebf80000,0x00000000ec000000,0x00000000ec000000)
  to   space 512K, 0% used [0x00000000ec000000,0x00000000ec000000,0x00000000ec080000)
 ParOldGen       total 68608K, used 34987K [0x00000000c0000000, 0x00000000c4300000, 0x00000000eab00000)
  object space 68608K, 50% used [0x00000000c0000000,0x00000000c222ad78,0x00000000c4300000)
 Metaspace       used 56460K, committed 57536K, reserved 1114112K
  class space    used 6107K, committed 6592K, reserved 1048576K
}
Event: 12.909 GC heap after
{Heap after GC invocations=32 (full 2):
 PSYoungGen      total 20480K, used 512K [0x00000000eab00000, 0x00000000ec080000, 0x0000000100000000)
  eden space 19968K, 0% used [0x00000000eab00000,0x00000000eab00000,0x00000000ebe80000)
  from space 512K, 100% used [0x00000000ec000000,0x00000000ec080000,0x00000000ec080000)
  to   space 1024K, 0% used [0x00000000ebe80000,0x00000000ebe80000,0x00000000ebf80000)
 ParOldGen       total 68608K, used 35423K [0x00000000c0000000, 0x00000000c4300000, 0x00000000eab00000)
  object space 68608K, 51% used [0x00000000c0000000,0x00000000c2297d88,0x00000000c4300000)
 Metaspace       used 56460K, committed 57536K, reserved 1114112K
  class space    used 6107K, committed 6592K, reserved 1048576K
}
Event: 15.659 GC heap before
{Heap before GC invocations=33 (full 2):
 PSYoungGen      total 20480K, used 17657K [0x00000000eab00000, 0x00000000ec080000, 0x0000000100000000)
  eden space 19968K, 85% used [0x00000000eab00000,0x00000000ebbbe6e0,0x00000000ebe80000)
  from space 512K, 100% used [0x00000000ec000000,0x00000000ec080000,0x00000000ec080000)
  to   space 1024K, 0% used [0x00000000ebe80000,0x00000000ebe80000,0x00000000ebf80000)
 ParOldGen       total 68608K, used 35423K [0x00000000c0000000, 0x00000000c4300000, 0x00000000eab00000)
  object space 68608K, 51% used [0x00000000c0000000,0x00000000c2297d88,0x00000000c4300000)
 Metaspace       used 58620K, committed 59776K, reserved 1114112K
  class space    used 6340K, committed 6848K, reserved 1048576K
}
Event: 15.662 GC heap after
{Heap after GC invocations=33 (full 2):
 PSYoungGen      total 20992K, used 992K [0x00000000eab00000, 0x00000000ec280000, 0x0000000100000000)
  eden space 19968K, 0% used [0x00000000eab00000,0x00000000eab00000,0x00000000ebe80000)
  from space 1024K, 96% used [0x00000000ebe80000,0x00000000ebf78390,0x00000000ebf80000)
  to   space 2048K, 0% used [0x00000000ec080000,0x00000000ec080000,0x00000000ec280000)
 ParOldGen       total 68608K, used 36163K [0x00000000c0000000, 0x00000000c4300000, 0x00000000eab00000)
  object space 68608K, 52% used [0x00000000c0000000,0x00000000c2350d60,0x00000000c4300000)
 Metaspace       used 58620K, committed 59776K, reserved 1114112K
  class space    used 6340K, committed 6848K, reserved 1048576K
}
Event: 15.662 GC heap before
{Heap before GC invocations=34 (full 3):
 PSYoungGen      total 20992K, used 992K [0x00000000eab00000, 0x00000000ec280000, 0x0000000100000000)
  eden space 19968K, 0% used [0x00000000eab00000,0x00000000eab00000,0x00000000ebe80000)
  from space 1024K, 96% used [0x00000000ebe80000,0x00000000ebf78390,0x00000000ebf80000)
  to   space 2048K, 0% used [0x00000000ec080000,0x00000000ec080000,0x00000000ec280000)
 ParOldGen       total 68608K, used 36163K [0x00000000c0000000, 0x00000000c4300000, 0x00000000eab00000)
  object space 68608K, 52% used [0x00000000c0000000,0x00000000c2350d60,0x00000000c4300000)
 Metaspace       used 58620K, committed 59776K, reserved 1114112K
  class space    used 6340K, committed 6848K, reserved 1048576K
}
Event: 15.742 GC heap after
{Heap after GC invocations=34 (full 3):
 PSYoungGen      total 20992K, used 0K [0x00000000eab00000, 0x00000000ec280000, 0x0000000100000000)
  eden space 19968K, 0% used [0x00000000eab00000,0x00000000eab00000,0x00000000ebe80000)
  from space 1024K, 0% used [0x00000000ebe80000,0x00000000ebe80000,0x00000000ebf80000)
  to   space 2048K, 0% used [0x00000000ec080000,0x00000000ec080000,0x00000000ec280000)
 ParOldGen       total 68608K, used 33957K [0x00000000c0000000, 0x00000000c4300000, 0x00000000eab00000)
  object space 68608K, 49% used [0x00000000c0000000,0x00000000c2129558,0x00000000c4300000)
 Metaspace       used 58620K, committed 59776K, reserved 1114112K
  class space    used 6340K, committed 6848K, reserved 1048576K
}
Event: 16.710 GC heap before
{Heap before GC invocations=35 (full 3):
 PSYoungGen      total 20992K, used 19968K [0x00000000eab00000, 0x00000000ec280000, 0x0000000100000000)
  eden space 19968K, 100% used [0x00000000eab00000,0x00000000ebe80000,0x00000000ebe80000)
  from space 1024K, 0% used [0x00000000ebe80000,0x00000000ebe80000,0x00000000ebf80000)
  to   space 2048K, 0% used [0x00000000ec080000,0x00000000ec080000,0x00000000ec280000)
 ParOldGen       total 68608K, used 33957K [0x00000000c0000000, 0x00000000c4300000, 0x00000000eab00000)
  object space 68608K, 49% used [0x00000000c0000000,0x00000000c2129558,0x00000000c4300000)
 Metaspace       used 61273K, committed 62400K, reserved 1114112K
  class space    used 6599K, committed 7104K, reserved 1048576K
}
Event: 16.713 GC heap after
{Heap after GC invocations=35 (full 3):
 PSYoungGen      total 22016K, used 1529K [0x00000000eab00000, 0x00000000ec280000, 0x0000000100000000)
  eden space 19968K, 0% used [0x00000000eab00000,0x00000000eab00000,0x00000000ebe80000)
  from space 2048K, 74% used [0x00000000ec080000,0x00000000ec1fe7e0,0x00000000ec280000)
  to   space 2048K, 0% used [0x00000000ebe80000,0x00000000ebe80000,0x00000000ec080000)
 ParOldGen       total 68608K, used 33965K [0x00000000c0000000, 0x00000000c4300000, 0x00000000eab00000)
  object space 68608K, 49% used [0x00000000c0000000,0x00000000c212b558,0x00000000c4300000)
 Metaspace       used 61273K, committed 62400K, reserved 1114112K
  class space    used 6599K, committed 7104K, reserved 1048576K
}

